[18-06-2020 10:29:01] PayPal\Core\PayPalHttpConnection : INFO: POST https://api.paypal.com/v1/oauth2/token
[18-06-2020 10:29:01] PayPal\Core\PayPalHttpConnection : INFO: Response Status 	: 200
[18-06-2020 10:29:01] PayPal\Core\PayPalHttpConnection : INFO: POST https://api.paypal.com/v1/payments/payment
[18-06-2020 10:29:02] PayPal\Core\PayPalHttpConnection : INFO: Response Status 	: 201
[18-06-2020 10:34:08] PayPal\Core\PayPalHttpConnection : INFO: POST https://api.paypal.com/v1/oauth2/token
[18-06-2020 10:34:08] PayPal\Core\PayPalHttpConnection : INFO: Response Status 	: 200
[18-06-2020 10:34:08] PayPal\Core\PayPalHttpConnection : INFO: POST https://api.paypal.com/v1/payments/payment
[18-06-2020 10:34:08] PayPal\Core\PayPalHttpConnection : INFO: Response Status 	: 201
[18-06-2020 10:35:59] PayPal\Core\PayPalHttpConnection : INFO: POST https://api.paypal.com/v1/oauth2/token
[18-06-2020 10:35:59] PayPal\Core\PayPalHttpConnection : INFO: Response Status 	: 200
[18-06-2020 10:35:59] PayPal\Core\PayPalHttpConnection : INFO: POST https://api.paypal.com/v1/payments/payment
[18-06-2020 10:35:59] PayPal\Core\PayPalHttpConnection : INFO: Response Status 	: 201
[18-06-2020 10:42:27] PayPal\Core\PayPalHttpConnection : INFO: POST https://api.paypal.com/v1/oauth2/token
[18-06-2020 10:42:27] PayPal\Core\PayPalHttpConnection : INFO: Response Status 	: 200
[18-06-2020 10:42:27] PayPal\Core\PayPalHttpConnection : INFO: POST https://api.paypal.com/v1/payments/payment
[18-06-2020 10:42:28] PayPal\Core\PayPalHttpConnection : INFO: Response Status 	: 201
[18-06-2020 10:47:12] PayPal\Core\PayPalHttpConnection : INFO: POST https://api.paypal.com/v1/oauth2/token
[18-06-2020 10:47:13] PayPal\Core\PayPalHttpConnection : INFO: Response Status 	: 200
[18-06-2020 10:47:13] PayPal\Core\PayPalHttpConnection : INFO: POST https://api.paypal.com/v1/payments/payment
[18-06-2020 10:47:13] PayPal\Core\PayPalHttpConnection : INFO: Response Status 	: 201
[18-06-2020 10:54:56] PayPal\Core\PayPalHttpConnection : INFO: POST https://api.paypal.com/v1/oauth2/token
[18-06-2020 10:54:56] PayPal\Core\PayPalHttpConnection : INFO: Response Status 	: 200
[18-06-2020 10:54:56] PayPal\Core\PayPalHttpConnection : INFO: POST https://api.paypal.com/v1/payments/payment
[18-06-2020 10:54:56] PayPal\Core\PayPalHttpConnection : INFO: Response Status 	: 201
[18-06-2020 10:58:54] PayPal\Core\PayPalHttpConnection : INFO: POST https://api.paypal.com/v1/oauth2/token
[18-06-2020 10:58:54] PayPal\Core\PayPalHttpConnection : INFO: Response Status 	: 200
[18-06-2020 10:58:54] PayPal\Core\PayPalHttpConnection : INFO: POST https://api.paypal.com/v1/payments/payment
[18-06-2020 10:58:54] PayPal\Core\PayPalHttpConnection : INFO: Response Status 	: 201
[18-06-2020 11:04:23] PayPal\Core\PayPalHttpConnection : INFO: POST https://api.paypal.com/v1/oauth2/token
[18-06-2020 11:04:23] PayPal\Core\PayPalHttpConnection : INFO: Response Status 	: 200
[18-06-2020 11:04:23] PayPal\Core\PayPalHttpConnection : INFO: POST https://api.paypal.com/v1/payments/payment
[18-06-2020 11:04:24] PayPal\Core\PayPalHttpConnection : INFO: Response Status 	: 201
[18-06-2020 11:07:34] PayPal\Core\PayPalHttpConnection : INFO: POST https://api.paypal.com/v1/oauth2/token
[18-06-2020 11:07:34] PayPal\Core\PayPalHttpConnection : INFO: Response Status 	: 200
[18-06-2020 11:07:34] PayPal\Core\PayPalHttpConnection : INFO: GET https://api.paypal.com/v1/payments/payment/PAYID-L3VUUOA0L5527826W440764W
[18-06-2020 11:07:35] PayPal\Core\PayPalHttpConnection : INFO: Response Status 	: 200
[18-06-2020 11:07:35] PayPal\Core\PayPalHttpConnection : INFO: POST https://api.paypal.com/v1/payments/payment/PAYID-L3VUUOA0L5527826W440764W/execute
[18-06-2020 11:07:36] PayPal\Core\PayPalHttpConnection : INFO: Response Status 	: 400
[18-06-2020 11:07:36] PayPal\Core\PayPalHttpConnection : ERROR: Got Http response code 400 when accessing https://api.paypal.com/v1/payments/payment/PAYID-L3VUUOA0L5527826W440764W/execute. {"name":"COMPLIANCE_VIOLATION","message":"Transaction is declined due to compliance violation.","information_link":"https://developer.paypal.com/docs/api/payments/#errors","debug_id":"1229f07460044"}
[18-06-2020 11:13:09] PayPal\Core\PayPalHttpConnection : INFO: POST https://api.paypal.com/v1/oauth2/token
[18-06-2020 11:13:09] PayPal\Core\PayPalHttpConnection : INFO: Response Status 	: 200
[18-06-2020 11:13:09] PayPal\Core\PayPalHttpConnection : INFO: POST https://api.paypal.com/v1/payments/payment
[18-06-2020 11:13:10] PayPal\Core\PayPalHttpConnection : INFO: Response Status 	: 201
[18-06-2020 11:13:22] PayPal\Core\PayPalHttpConnection : INFO: POST https://api.paypal.com/v1/oauth2/token
[18-06-2020 11:13:23] PayPal\Core\PayPalHttpConnection : INFO: Response Status 	: 200
[18-06-2020 11:13:23] PayPal\Core\PayPalHttpConnection : INFO: GET https://api.paypal.com/v1/payments/payment/PAYID-L3VUYRQ8FX2962188090074X
[18-06-2020 11:13:23] PayPal\Core\PayPalHttpConnection : INFO: Response Status 	: 200
[18-06-2020 11:13:23] PayPal\Core\PayPalHttpConnection : INFO: POST https://api.paypal.com/v1/payments/payment/PAYID-L3VUYRQ8FX2962188090074X/execute
[18-06-2020 11:13:25] PayPal\Core\PayPalHttpConnection : INFO: Response Status 	: 400
[18-06-2020 11:13:25] PayPal\Core\PayPalHttpConnection : ERROR: Got Http response code 400 when accessing https://api.paypal.com/v1/payments/payment/PAYID-L3VUYRQ8FX2962188090074X/execute. {"name":"COMPLIANCE_VIOLATION","message":"Transaction is declined due to compliance violation.","information_link":"https://developer.paypal.com/docs/api/payments/#errors","debug_id":"c5c8b10374eb"}
[18-06-2020 11:20:53] PayPal\Core\PayPalHttpConnection : INFO: POST https://api.paypal.com/v1/oauth2/token
[18-06-2020 11:20:53] PayPal\Core\PayPalHttpConnection : INFO: Response Status 	: 200
[18-06-2020 11:20:53] PayPal\Core\PayPalHttpConnection : INFO: POST https://api.paypal.com/v1/payments/payment
[18-06-2020 11:20:53] PayPal\Core\PayPalHttpConnection : INFO: Response Status 	: 201
[18-06-2020 11:23:06] PayPal\Core\PayPalHttpConnection : INFO: POST https://api.paypal.com/v1/oauth2/token
[18-06-2020 11:23:07] PayPal\Core\PayPalHttpConnection : INFO: Response Status 	: 200
[18-06-2020 11:23:07] PayPal\Core\PayPalHttpConnection : INFO: GET https://api.paypal.com/v1/payments/payment/PAYID-L3VU4FI38980277RU614402R
[18-06-2020 11:23:07] PayPal\Core\PayPalHttpConnection : INFO: Response Status 	: 200
[18-06-2020 11:23:07] PayPal\Core\PayPalHttpConnection : INFO: POST https://api.paypal.com/v1/payments/payment/PAYID-L3VU4FI38980277RU614402R/execute
[18-06-2020 11:23:09] PayPal\Core\PayPalHttpConnection : INFO: Response Status 	: 400
[18-06-2020 11:23:09] PayPal\Core\PayPalHttpConnection : ERROR: Got Http response code 400 when accessing https://api.paypal.com/v1/payments/payment/PAYID-L3VU4FI38980277RU614402R/execute. {"name":"COMPLIANCE_VIOLATION","message":"Transaction is declined due to compliance violation.","information_link":"https://developer.paypal.com/docs/api/payments/#errors","debug_id":"d4532241561e0"}
[18-06-2020 11:24:57] PayPal\Core\PayPalHttpConnection : INFO: POST https://api.paypal.com/v1/oauth2/token
[18-06-2020 11:24:58] PayPal\Core\PayPalHttpConnection : INFO: Response Status 	: 200
[18-06-2020 11:24:58] PayPal\Core\PayPalHttpConnection : INFO: POST https://api.paypal.com/v1/payments/payment
[18-06-2020 11:24:58] PayPal\Core\PayPalHttpConnection : INFO: Response Status 	: 201
[18-06-2020 11:25:06] PayPal\Core\PayPalHttpConnection : INFO: POST https://api.paypal.com/v1/oauth2/token
[18-06-2020 11:25:06] PayPal\Core\PayPalHttpConnection : INFO: Response Status 	: 200
[18-06-2020 11:25:06] PayPal\Core\PayPalHttpConnection : INFO: GET https://api.paypal.com/v1/payments/payment/PAYID-L3VU6CQ9TM70538R10609011
[18-06-2020 11:25:07] PayPal\Core\PayPalHttpConnection : INFO: Response Status 	: 200
[18-06-2020 11:25:07] PayPal\Core\PayPalHttpConnection : INFO: POST https://api.paypal.com/v1/payments/payment/PAYID-L3VU6CQ9TM70538R10609011/execute
[18-06-2020 11:25:09] PayPal\Core\PayPalHttpConnection : INFO: Response Status 	: 400
[18-06-2020 11:25:09] PayPal\Core\PayPalHttpConnection : ERROR: Got Http response code 400 when accessing https://api.paypal.com/v1/payments/payment/PAYID-L3VU6CQ9TM70538R10609011/execute. {"name":"COMPLIANCE_VIOLATION","message":"Transaction is declined due to compliance violation.","information_link":"https://developer.paypal.com/docs/api/payments/#errors","debug_id":"8faacd34c9a90"}
[18-06-2020 11:26:30] PayPal\Core\PayPalHttpConnection : INFO: POST https://api.paypal.com/v1/oauth2/token
[18-06-2020 11:26:30] PayPal\Core\PayPalHttpConnection : INFO: Response Status 	: 200
[18-06-2020 11:26:30] PayPal\Core\PayPalHttpConnection : INFO: POST https://api.paypal.com/v1/payments/payment
[18-06-2020 11:26:31] PayPal\Core\PayPalHttpConnection : INFO: Response Status 	: 201
[18-06-2020 11:27:45] PayPal\Core\PayPalHttpConnection : INFO: POST https://api.paypal.com/v1/oauth2/token
[18-06-2020 11:27:46] PayPal\Core\PayPalHttpConnection : INFO: Response Status 	: 200
[18-06-2020 11:27:46] PayPal\Core\PayPalHttpConnection : INFO: POST https://api.paypal.com/v1/payments/payment
[18-06-2020 11:27:46] PayPal\Core\PayPalHttpConnection : INFO: Response Status 	: 201
[18-06-2020 11:27:55] PayPal\Core\PayPalHttpConnection : INFO: POST https://api.paypal.com/v1/oauth2/token
[18-06-2020 11:27:55] PayPal\Core\PayPalHttpConnection : INFO: Response Status 	: 200
[18-06-2020 11:27:55] PayPal\Core\PayPalHttpConnection : INFO: GET https://api.paypal.com/v1/payments/payment/PAYID-L3VU7MQ7MM69621UA1422320
[18-06-2020 11:27:55] PayPal\Core\PayPalHttpConnection : INFO: Response Status 	: 200
[18-06-2020 11:27:55] PayPal\Core\PayPalHttpConnection : INFO: POST https://api.paypal.com/v1/payments/payment/PAYID-L3VU7MQ7MM69621UA1422320/execute
[18-06-2020 11:27:57] PayPal\Core\PayPalHttpConnection : INFO: Response Status 	: 400
[18-06-2020 11:27:57] PayPal\Core\PayPalHttpConnection : ERROR: Got Http response code 400 when accessing https://api.paypal.com/v1/payments/payment/PAYID-L3VU7MQ7MM69621UA1422320/execute. {"name":"COMPLIANCE_VIOLATION","message":"Transaction is declined due to compliance violation.","information_link":"https://developer.paypal.com/docs/api/payments/#errors","debug_id":"957b6a7983761"}
[18-06-2020 11:30:11] PayPal\Core\PayPalHttpConnection : INFO: POST https://api.paypal.com/v1/oauth2/token
[18-06-2020 11:30:11] PayPal\Core\PayPalHttpConnection : INFO: Response Status 	: 200
[18-06-2020 11:30:12] PayPal\Core\PayPalHttpConnection : INFO: POST https://api.paypal.com/v1/payments/payment
[18-06-2020 11:30:12] PayPal\Core\PayPalHttpConnection : INFO: Response Status 	: 201
[18-06-2020 11:30:21] PayPal\Core\PayPalHttpConnection : INFO: POST https://api.paypal.com/v1/oauth2/token
[18-06-2020 11:30:22] PayPal\Core\PayPalHttpConnection : INFO: Response Status 	: 200
[18-06-2020 11:30:22] PayPal\Core\PayPalHttpConnection : INFO: GET https://api.paypal.com/v1/payments/payment/PAYID-L3VVARA6AS49178X48659007
[18-06-2020 11:30:22] PayPal\Core\PayPalHttpConnection : INFO: Response Status 	: 200
[18-06-2020 11:30:22] PayPal\Core\PayPalHttpConnection : INFO: POST https://api.paypal.com/v1/payments/payment/PAYID-L3VVARA6AS49178X48659007/execute
[18-06-2020 11:30:24] PayPal\Core\PayPalHttpConnection : INFO: Response Status 	: 400
[18-06-2020 11:30:24] PayPal\Core\PayPalHttpConnection : ERROR: Got Http response code 400 when accessing https://api.paypal.com/v1/payments/payment/PAYID-L3VVARA6AS49178X48659007/execute. {"name":"COMPLIANCE_VIOLATION","message":"Transaction is declined due to compliance violation.","information_link":"https://developer.paypal.com/docs/api/payments/#errors","debug_id":"fe1bc81e8c3d"}
